# JRE version: Java(TM) SE Runtime Environment 18.9 (11.0.12+8) (build 11.0.12+8-LTS-237)
# Java VM: Java HotSpot(TM) 64-Bit Server VM 18.9 (11.0.12+8-LTS-237, mixed mode, tiered, compressed oops, g1 gc, windows-amd64)
Heap:
 garbage-first heap   total 131072K, used 9662K [0x0000000081800000, 0x0000000100000000)
  region size 1024K, 3 young (3072K), 1 survivors (1024K)
 Metaspace       used 22872K, capacity 23392K, committed 23552K, reserved 1075200K
  class space    used 2543K, capacity 2806K, committed 2816K, reserved 1048576K
GC Heap History (8 events):
Event: 1.597 GC heap before
{Heap before GC invocations=0 (full 0):
 garbage-first heap   total 131072K, used 18432K [0x0000000081800000, 0x0000000100000000)
  region size 1024K, 14 young (14336K), 0 survivors (0K)
 Metaspace       used 15947K, capacity 16430K, committed 16640K, reserved 1064960K
  class space    used 1762K, capacity 1977K, committed 2048K, reserved 1048576K
}
Event: 1.605 GC heap after
{Heap after GC invocations=1 (full 0):
 garbage-first heap   total 131072K, used 5873K [0x0000000081800000, 0x0000000100000000)
  region size 1024K, 2 young (2048K), 2 survivors (2048K)
 Metaspace       used 15947K, capacity 16430K, committed 16640K, reserved 1064960K
  class space    used 1762K, capacity 1977K, committed 2048K, reserved 1048576K
}
Event: 1.998 GC heap before
{Heap before GC invocations=1 (full 0):
 garbage-first heap   total 131072K, used 15089K [0x0000000081800000, 0x0000000100000000)
  region size 1024K, 11 young (11264K), 2 survivors (2048K)
 Metaspace       used 19598K, capacity 20156K, committed 20352K, reserved 1067008K
  class space    used 2136K, capacity 2388K, committed 2432K, reserved 1048576K
}
Event: 2.004 GC heap after
{Heap after GC invocations=2 (full 0):
 garbage-first heap   total 131072K, used 8124K [0x0000000081800000, 0x0000000100000000)
  region size 1024K, 2 young (2048K), 2 survivors (2048K)
 Metaspace       used 19598K, capacity 20156K, committed 20352K, reserved 1067008K
  class space    used 2136K, capacity 2388K, committed 2432K, reserved 1048576K
}
Event: 2.145 GC heap before
{Heap before GC invocations=2 (full 0):
 garbage-first heap   total 131072K, used 11196K [0x0000000081800000, 0x0000000100000000)
  region size 1024K, 6 young (6144K), 2 survivors (2048K)
 Metaspace       used 20607K, capacity 21166K, committed 21248K, reserved 1069056K
  class space    used 2252K, capacity 2534K, committed 2560K, reserved 1048576K
}
Event: 2.148 GC heap after
{Heap after GC invocations=3 (full 0):
 garbage-first heap   total 131072K, used 8483K [0x0000000081800000, 0x0000000100000000)
  region size 1024K, 3 young (3072K), 3 survivors (3072K)
 Metaspace       used 20607K, capacity 21166K, committed 21248K, reserved 1069056K
  class space    used 2252K, capacity 2534K, committed 2560K, reserved 1048576K
}
Event: 4.879 GC heap before
{Heap before GC invocations=4 (full 0):
 garbage-first heap   total 131072K, used 10531K [0x0000000081800000, 0x0000000100000000)
  region size 1024K, 6 young (6144K), 3 survivors (3072K)
 Metaspace       used 22146K, capacity 22659K, committed 22784K, reserved 1075200K
  class space    used 2454K, capacity 2733K, committed 2816K, reserved 1048576K
}
Event: 4.883 GC heap after
{Heap after GC invocations=5 (full 0):
 garbage-first heap   total 131072K, used 8638K [0x0000000081800000, 0x0000000100000000)
  region size 1024K, 1 young (1024K), 1 survivors (1024K)
 Metaspace       used 22146K, capacity 22659K, committed 22784K, reserved 1075200K
  class space    used 2454K, capacity 2733K, committed 2816K, reserved 1048576K
}

